<?xml version="1.0" encoding="UTF-8"?>
<!-- Generated by org.testng.reporters.JUnitReportReporter -->
<testsuite hostname="hari" failures="0" tests="1" name="com.simplilearn.restassured_Assignment_006.LogoutRequestTest" time="10.927" errors="0" timestamp="2024-01-23T20:34:40 IST" skipped="0">
  <testcase classname="com.simplilearn.restassured_Assignment_006.LogoutRequestTest" name="testLogoutEndpoint" time="10.927"/>
  <system-out/>
</testsuite> <!-- com.simplilearn.restassured_Assignment_006.LogoutRequestTest -->
