<?xml version="1.0" encoding="UTF-8"?>
<!-- Generated by org.testng.reporters.JUnitReportReporter -->
<testsuite hostname="hari" failures="0" tests="3" name="com.simplilearn.restassured_Assignment_005.GetStatusTest" time="18.109" errors="0" timestamp="2024-01-23T20:38:46 IST" skipped="0">
  <testcase classname="com.simplilearn.restassured_Assignment_005.GetStatusTest" name="testPetStatus" time="2.691"/>
  <system-out/>
  <testcase classname="com.simplilearn.restassured_Assignment_005.GetStatusTest" name="testPetStatus" time="3.004"/>
  <system-out/>
  <testcase classname="com.simplilearn.restassured_Assignment_005.GetStatusTest" name="testPetStatus" time="12.414"/>
  <system-out/>
</testsuite> <!-- com.simplilearn.restassured_Assignment_005.GetStatusTest -->
